Started GET "/" for 127.0.0.1 at 2024-02-09 11:37:38 +0000
  [1m[35m (0.3ms)[0m  [1m[35mCREATE TABLE "schema_migrations" ("version" varchar NOT NULL PRIMARY KEY)[0m
  [1m[35m (0.1ms)[0m  [1m[35mCREATE TABLE "ar_internal_metadata" ("key" varchar NOT NULL PRIMARY KEY, "value" varchar, "created_at" datetime(6) NOT NULL, "updated_at" datetime(6) NOT NULL)[0m
  [1m[36mActiveRecord::SchemaMigration Load (0.1ms)[0m  [1m[34mSELECT "schema_migrations"."version" FROM "schema_migrations" ORDER BY "schema_migrations"."version" ASC[0m
Processing by Rails::WelcomeController#index as HTML
  Rendering /Users/paulinewangunyu/.rbenv/versions/3.1.2/lib/ruby/gems/3.1.0/gems/railties-7.1.3/lib/rails/templates/rails/welcome/index.html.erb
  Rendered /Users/paulinewangunyu/.rbenv/versions/3.1.2/lib/ruby/gems/3.1.0/gems/railties-7.1.3/lib/rails/templates/rails/welcome/index.html.erb (Duration: 0.4ms | Allocations: 383)
Completed 200 OK in 13ms (Views: 4.7ms | ActiveRecord: 0.0ms | Allocations: 7489)


Started GET "/" for 127.0.0.1 at 2024-02-09 11:43:46 +0000
  [1m[36mActiveRecord::SchemaMigration Load (0.1ms)[0m  [1m[34mSELECT "schema_migrations"."version" FROM "schema_migrations" ORDER BY "schema_migrations"."version" ASC[0m
Processing by Rails::WelcomeController#index as HTML
  Rendering /Users/paulinewangunyu/.rbenv/versions/3.1.2/lib/ruby/gems/3.1.0/gems/railties-7.1.3/lib/rails/templates/rails/welcome/index.html.erb
  Rendered /Users/paulinewangunyu/.rbenv/versions/3.1.2/lib/ruby/gems/3.1.0/gems/railties-7.1.3/lib/rails/templates/rails/welcome/index.html.erb (Duration: 0.3ms | Allocations: 383)
Completed 200 OK in 5ms (Views: 1.7ms | ActiveRecord: 0.0ms | Allocations: 4527)


Started GET "/tasks" for 127.0.0.1 at 2024-02-09 11:44:07 +0000
Processing by TasksController#index as HTML
  Rendering layout layouts/application.html.erb
  Rendering tasks/index.html.erb within layouts/application
  Rendered tasks/index.html.erb within layouts/application (Duration: 0.6ms | Allocations: 111)
  Rendered layout layouts/application.html.erb (Duration: 505.4ms | Allocations: 72028)
Completed 200 OK in 509ms (Views: 507.6ms | ActiveRecord: 0.0ms | Allocations: 73132)


Started GET "/" for 127.0.0.1 at 2024-02-09 11:45:22 +0000
Processing by TasksController#index as HTML
  Rendering layout layouts/application.html.erb
  Rendering tasks/index.html.erb within layouts/application
  Rendered tasks/index.html.erb within layouts/application (Duration: 0.1ms | Allocations: 115)
  Rendered layout layouts/application.html.erb (Duration: 7.0ms | Allocations: 3697)
Completed 200 OK in 8ms (Views: 7.9ms | ActiveRecord: 0.0ms | Allocations: 4783)


  [1m[36mActiveRecord::InternalMetadata Load (0.1ms)[0m  [1m[34mSELECT * FROM "ar_internal_metadata" WHERE "ar_internal_metadata"."key" = ? ORDER BY "ar_internal_metadata"."key" ASC LIMIT 1[0m  [[nil, "environment"]]
  [1m[36mActiveRecord::InternalMetadata Create (0.6ms)[0m  [1m[32mINSERT INTO "ar_internal_metadata" ("key", "value", "created_at", "updated_at") VALUES ('environment', 'development', '2024-02-09 11:50:28.571412', '2024-02-09 11:50:28.571414') RETURNING "key"[0m
  [1m[36mActiveRecord::SchemaMigration Load (0.0ms)[0m  [1m[34mSELECT "schema_migrations"."version" FROM "schema_migrations" ORDER BY "schema_migrations"."version" ASC[0m
Migrating to CreateTasks (20240209114734)
  [1m[36mTRANSACTION (0.0ms)[0m  [1m[36mbegin transaction[0m
  [1m[35m (0.5ms)[0m  [1m[35mCREATE TABLE "tasks" ("id" integer PRIMARY KEY AUTOINCREMENT NOT NULL, "description" varchar, "status" varchar, "created_at" datetime(6) NOT NULL, "updated_at" datetime(6) NOT NULL)[0m
  [1m[36mActiveRecord::SchemaMigration Create (0.0ms)[0m  [1m[32mINSERT INTO "schema_migrations" ("version") VALUES ('20240209114734') RETURNING "version"[0m
  [1m[36mTRANSACTION (0.1ms)[0m  [1m[36mcommit transaction[0m
  [1m[36mActiveRecord::SchemaMigration Load (0.0ms)[0m  [1m[34mSELECT "schema_migrations"."version" FROM "schema_migrations" ORDER BY "schema_migrations"."version" ASC[0m
  [1m[36mTRANSACTION (0.1ms)[0m  [1m[36mbegin transaction[0m
  [1m[36mTask Create (0.7ms)[0m  [1m[32mINSERT INTO "tasks" ("description", "status", "created_at", "updated_at") VALUES (?, ?, ?, ?) RETURNING "id"[0m  [["description", "My first task"], ["status", "Incomplete"], ["created_at", "2024-02-09 11:52:44.755130"], ["updated_at", "2024-02-09 11:52:44.755130"]]
  [1m[36mTRANSACTION (0.1ms)[0m  [1m[36mcommit transaction[0m
  [1m[36mTask Load (0.2ms)[0m  [1m[34mSELECT "tasks".* FROM "tasks" WHERE "tasks"."id" = ? LIMIT ?[0m  [["id", 1], ["LIMIT", 1]]
  [1m[36mTask Load (0.2ms)[0m  [1m[34mSELECT "tasks".* FROM "tasks" /* loading for pp */ LIMIT ?[0m  [["LIMIT", 11]]
Started GET "/" for 127.0.0.1 at 2024-02-09 11:56:59 +0000
  [1m[36mActiveRecord::SchemaMigration Load (0.0ms)[0m  [1m[34mSELECT "schema_migrations"."version" FROM "schema_migrations" ORDER BY "schema_migrations"."version" ASC[0m
Processing by TasksController#index as HTML
  Rendering layout layouts/application.html.erb
  Rendering tasks/index.html.erb within layouts/application
  [1m[36mTask Load (0.0ms)[0m  [1m[34mSELECT "tasks".* FROM "tasks"[0m
  ↳ app/views/tasks/index.html.erb:4
  Rendered tasks/index.html.erb within layouts/application (Duration: 6.5ms | Allocations: 10356)
  Rendered layout layouts/application.html.erb (Duration: 7.6ms | Allocations: 11978)
Completed 200 OK in 14ms (Views: 7.6ms | ActiveRecord: 0.7ms | Allocations: 18801)


Started GET "/" for 127.0.0.1 at 2024-02-09 11:57:00 +0000
Processing by TasksController#index as HTML
  Rendering layout layouts/application.html.erb
  Rendering tasks/index.html.erb within layouts/application
  [1m[36mTask Load (0.1ms)[0m  [1m[34mSELECT "tasks".* FROM "tasks"[0m
  ↳ app/views/tasks/index.html.erb:4
  Rendered tasks/index.html.erb within layouts/application (Duration: 2.3ms | Allocations: 668)
  Rendered layout layouts/application.html.erb (Duration: 5.4ms | Allocations: 1793)
Completed 200 OK in 7ms (Views: 6.2ms | ActiveRecord: 0.1ms | Allocations: 2100)


Started GET "/" for 127.0.0.1 at 2024-02-09 11:59:57 +0000
  [1m[36mActiveRecord::SchemaMigration Load (0.1ms)[0m  [1m[34mSELECT "schema_migrations"."version" FROM "schema_migrations" ORDER BY "schema_migrations"."version" ASC[0m
Processing by TasksController#index as HTML
  Rendering layout layouts/application.html.erb
  Rendering tasks/index.html.erb within layouts/application
  [1m[36mTask Load (0.0ms)[0m  [1m[34mSELECT "tasks".* FROM "tasks"[0m
  ↳ app/views/tasks/index.html.erb:4
  Rendered tasks/index.html.erb within layouts/application (Duration: 10.4ms | Allocations: 10453)
  Rendered layout layouts/application.html.erb (Duration: 62.5ms | Allocations: 30275)
Completed 200 OK in 75ms (Views: 63.3ms | ActiveRecord: 1.0ms | Allocations: 40464)


